{
  "RSpec": {
    "coverage": {
      "/Users/joannacollier/Documents/Coding/Makers/Course/W4/bookmark_manager/app.rb": {
        "lines": [
          1,
          1,
          null,
          1,
          1,
          1,
          null,
          null,
          1,
          3,
          3,
          null,
          null,
          1,
          1,
          null,
          null,
          1,
          1,
          1,
          1,
          null,
          null,
          null,
          1,
          null
        ]
      },
      "/Users/joannacollier/Documents/Coding/Makers/Course/W4/bookmark_manager/lib/bookmark.rb": {
        "lines": [
          1,
          null,
          1,
          1,
          5,
          null,
          5,
          5,
          null,
          0,
          null,
          null,
          5,
          5,
          8,
          null,
          null,
          5,
          null,
          null,
          1,
          null,
          8,
          8,
          null,
          0,
          null,
          null,
          8,
          null,
          null
        ]
      },
      "/Users/joannacollier/Documents/Coding/Makers/Course/W4/bookmark_manager/spec/setup_test_database.rb": {
        "lines": [
          1,
          null,
          1,
          6,
          null,
          6,
          null,
          null,
          6,
          null
        ]
      },
      "/Users/joannacollier/Documents/Coding/Makers/Course/W4/bookmark_manager/spec/features/add_bookmark_spec.rb": {
        "lines": [
          1,
          null,
          1,
          1,
          1,
          1,
          1,
          null,
          1,
          null,
          null,
          null,
          null
        ]
      },
      "/Users/joannacollier/Documents/Coding/Makers/Course/W4/bookmark_manager/spec/features/viewing_bookmarks_spec.rb": {
        "lines": [
          1,
          1,
          1,
          1,
          null,
          null,
          1,
          1,
          1,
          null,
          null,
          1,
          1,
          null,
          1,
          1,
          1,
          null,
          1,
          1,
          1,
          1,
          null,
          null,
          null
        ]
      },
      "/Users/joannacollier/Documents/Coding/Makers/Course/W4/bookmark_manager/spec/units/bookmark_spec.rb": {
        "lines": [
          1,
          null,
          1,
          1,
          1,
          null,
          1,
          null,
          null,
          1,
          1,
          1,
          null,
          1,
          null,
          1,
          1,
          1,
          null,
          null,
          null,
          1,
          1,
          1,
          null,
          1,
          null,
          null,
          null
        ]
      }
    },
    "timestamp": 1588773998
  }
}
