{
  "RSpec": {
    "coverage": {
      "/Users/joannacollier/Documents/Coding/Makers/Course/W4/bookmark_manager/app.rb": {
        "lines": [
          1,
          1,
          1,
          1,
          1,
          null,
          1,
          1,
          1,
          1,
          null,
          1,
          1,
          null,
          null,
          1,
          8,
          8,
          null,
          null,
          1,
          2,
          null,
          null,
          1,
          2,
          2,
          null,
          null,
          1,
          1,
          1,
          null,
          null,
          1,
          1,
          1,
          null,
          null,
          1,
          1,
          1,
          null,
          null,
          1,
          null
        ]
      },
      "/Users/joannacollier/Documents/Coding/Makers/Course/W4/bookmark_manager/lib/bookmark.rb": {
        "lines": [
          1,
          1,
          1,
          null,
          1,
          1,
          null,
          1,
          24,
          24,
          24,
          null,
          null,
          1,
          11,
          11,
          10,
          null,
          null,
          null,
          null,
          null,
          null,
          null,
          1,
          14,
          12,
          12,
          12,
          null,
          null,
          null,
          1,
          2,
          null,
          null,
          1,
          2,
          2,
          null,
          null,
          1,
          null,
          1,
          14,
          null,
          null
        ]
      },
      "/Users/joannacollier/Documents/Coding/Makers/Course/W4/bookmark_manager/lib/database_connection.rb": {
        "lines": [
          1,
          null,
          1,
          1,
          4,
          null,
          null,
          1,
          1,
          null,
          null,
          1,
          28,
          null,
          null
        ]
      },
      "/Users/joannacollier/Documents/Coding/Makers/Course/W4/bookmark_manager/lib/database_connection_setup.rb": {
        "lines": [
          1,
          null,
          1,
          1,
          null,
          0,
          null
        ]
      },
      "/Users/joannacollier/Documents/Coding/Makers/Course/W4/bookmark_manager/spec/setup_test_database.rb": {
        "lines": [
          1,
          null,
          1,
          15,
          null,
          15,
          null,
          null,
          15,
          null
        ]
      },
      "/Users/joannacollier/Documents/Coding/Makers/Course/W4/bookmark_manager/spec/database_connection_spec.rb": {
        "lines": [
          1,
          null,
          1,
          1,
          1,
          1,
          null,
          1,
          null,
          null,
          null,
          1,
          1,
          1,
          null,
          1,
          null,
          null,
          null,
          1,
          1,
          1,
          null,
          1,
          null,
          1,
          null,
          null,
          null
        ]
      },
      "/Users/joannacollier/Documents/Coding/Makers/Course/W4/bookmark_manager/spec/features/add_bookmark_spec.rb": {
        "lines": [
          1,
          1,
          1,
          1,
          1,
          1,
          1,
          null,
          1,
          null,
          null,
          1,
          1,
          1,
          1,
          null,
          1,
          1,
          null,
          null,
          null
        ]
      },
      "/Users/joannacollier/Documents/Coding/Makers/Course/W4/bookmark_manager/spec/features/deleting_bookmark_spec.rb": {
        "lines": [
          1,
          1,
          1,
          1,
          1,
          null,
          1,
          null,
          1,
          1,
          null,
          null
        ]
      },
      "/Users/joannacollier/Documents/Coding/Makers/Course/W4/bookmark_manager/spec/features/update_bookmark_spec.rb": {
        "lines": [
          1,
          1,
          1,
          1,
          1,
          null,
          1,
          1,
          null,
          1,
          1,
          1,
          null,
          1,
          1,
          1,
          null,
          null,
          null,
          null
        ]
      },
      "/Users/joannacollier/Documents/Coding/Makers/Course/W4/bookmark_manager/spec/features/viewing_bookmarks_spec.rb": {
        "lines": [
          1,
          1,
          1,
          1,
          null,
          null,
          1,
          1,
          1,
          null,
          null,
          1,
          1,
          null,
          1,
          1,
          1,
          null,
          1,
          null,
          1,
          1,
          1,
          null,
          null
        ]
      },
      "/Users/joannacollier/Documents/Coding/Makers/Course/W4/bookmark_manager/spec/units/bookmark_spec.rb": {
        "lines": [
          1,
          1,
          null,
          1,
          1,
          1,
          1,
          null,
          null,
          1,
          1,
          1,
          null,
          1,
          null,
          1,
          1,
          1,
          1,
          1,
          null,
          null,
          null,
          1,
          1,
          1,
          1,
          null,
          1,
          1,
          1,
          null,
          1,
          1,
          1,
          1,
          null,
          null,
          null,
          1,
          1,
          1,
          null,
          1,
          null,
          1,
          null,
          null,
          null,
          1,
          1,
          1,
          1,
          null,
          1,
          1,
          1,
          1,
          null,
          null,
          null,
          1,
          1,
          1,
          1,
          null,
          null,
          null
        ]
      },
      "/Users/joannacollier/Documents/Coding/Makers/Course/W4/bookmark_manager/spec/database_helpers.rb": {
        "lines": [
          1,
          null,
          null,
          1,
          1,
          1,
          1,
          null
        ]
      }
    },
    "timestamp": 1589035343
  }
}
